Arguments: 
  C:\Program Files\nodejs\node.exe C:\Users\hp\AppData\Roaming\npm\node_modules\yarn\bin\yarn.js install

PATH: 
  C:\Program Files (x86)\Common Files\Intel\Shared Libraries\redist\intel64\compiler;C:\ffmpeg\bin;C:\Python311\Scripts\;C:\Python311\;C:\Windows\system32;C:\Windows;C:\Windows\System32\Wbem;C:\Windows\System32\WindowsPowerShell\v1.0\;C:\Windows\System32\OpenSSH\;C:\Program Files\GitHub CLI\;C:\ProgramData\chocolatey\bin;C:\Program Files\Git\cmd;C:\Users\hp\AppData\Local\Microsoft\WindowsApps;C:\Users\hp\AppData\Roaming\npm;C:\Users\hp\AppData\Local\Programs\Microsoft VS Code\bin;C:\Program Files (x86)\GnuWin32\bin;C:\flutter\bin;C:\php;C:\ProgramData\ComposerSetup\bin;%NVM_HOME%;%NVM_SYMLINK%;C:\Program Files\Docker\Docker\resources\bin;C:\Program Files\Go\bin;C:\Users\hp\AppData\Local\pnpm;C:\Users\hp\scoop\shims;C:\Program Files\heroku\bin;C:\Program Files\JetBrains\DataGrip 2023.1.1\bin;C:\Program Files\JetBrains\WebStorm 2023.1\bin;C:\Users\hp\AppData\Roaming\Composer\vendor\bin;C:\Users\hp\AppData\Roaming\nvm;C:\Program Files\nodejs;C:\Users\hp\go\bin

Yarn version: 
  1.22.19

Node version: 
  18.17.0

Platform: 
  win32 x64

Trace: 
  Error: ENOSPC: no space left on device, write

npm manifest: 
  {
    "name": "lostbutfound-be",
    "version": "1.0.0",
    "description": "",
    "main": "index.ts",
    "scripts": {
      "start": "nodemon src/index.ts",
      "build": "rimraf build && tsc",
      "dev": "npx nodemon",
      "ts.check": "tsc --project tsconfig.json",
      "add-build": "git add build",
      "test": "echo \"Error: no test specified\" && exit 1"
    },
    "pre-commit": [
      "ts.check",
      "build",
      "add-build"
    ],
    "keywords": [],
    "author": "",
    "license": "ISC",
    "dependencies": {
      "@sendgrid/mail": "^7.7.0",
      "@types/express": "^4.17.17",
      "bcrypt": "^5.1.0",
      "cloudinary": "^1.39.0",
      "cookie-parser": "^1.4.6",
      "cors": "^2.8.5",
      "dotenv": "^16.1.1",
      "express": "^4.18.2",
      "jsonwebtoken": "^9.0.0",
      "mongodb": "^5.5.0",
      "mongoose": "^7.2.2",
      "multer": "^1.4.5-lts.1",
      "nanoid": "^4.0.2",
      "swagger-jsdoc": "^6.2.8",
      "swagger-ui-express": "^4.6.3",
      "vercel": "^30.2.3"
    },
    "devDependencies": {
      "@types/node": "^20.2.5",
      "nodemon": "^2.0.22",
      "pre-commit": "^1.2.2",
      "rimraf": "^5.0.1",
      "ts-node": "^10.9.1"
    }
  }

yarn manifest: 
  No manifest

Lockfile: 
  No lockfile
